{
  "RSpec": {
    "coverage": {
      "/home/kazap/Documentos/lab/carrinho_compra.rb": {
        "lines": [
          1,
          1,
          null,
          1,
          9,
          null,
          null,
          1,
          13,
          null,
          12,
          null,
          12,
          5,
          null,
          2,
          2,
          null,
          2,
          null,
          null,
          12,
          null,
          10,
          10,
          null,
          null,
          1,
          2,
          null,
          2,
          2,
          null,
          2,
          2,
          null,
          null,
          2,
          null,
          null,
          1,
          1,
          null,
          null,
          1,
          6,
          null,
          2,
          null,
          null
        ]
      }
    },
    "timestamp": 1649516520
  }
}
